# JRE version: OpenJDK Runtime Environment (17.0.7) (build 17.0.7+0-b2043.56-10550314)
# Java VM: OpenJDK 64-Bit Server VM (17.0.7+0-b2043.56-10550314, mixed mode, tiered, compressed oops, compressed class ptrs, g1 gc, windows-amd64)
GC Precious Log:
 CPUs: 20 total, 20 available
 Memory: 16003M
 Large Page Support: Disabled
 NUMA Support: Disabled
 Compressed Oops: Enabled (32-bit)
 Heap Region Size: 1M
 Heap Min Capacity: 8M
 Heap Initial Capacity: 252M
 Heap Max Capacity: 2G
 Pre-touch: Disabled
 Parallel Workers: 15
 Concurrent Workers: 4
 Concurrent Refinement Workers: 15
 Periodic GC: Disabled
Heap:
 garbage-first heap   total 270336K, used 158934K [0x0000000080000000, 0x0000000100000000)
  region size 1024K, 9 young (9216K), 9 survivors (9216K)
 Metaspace       used 104771K, committed 105472K, reserved 1179648K
  class space    used 14459K, committed 14784K, reserved 1048576K
GC Heap History (20 events):
Event: 5.213 GC heap after
{Heap after GC invocations=20 (full 0):
 garbage-first heap   total 245760K, used 70980K [0x0000000080000000, 0x0000000100000000)
  region size 1024K, 15 young (15360K), 15 survivors (15360K)
 Metaspace       used 80381K, committed 80960K, reserved 1179648K
  class space    used 10976K, committed 11264K, reserved 1048576K
}
Event: 5.961 GC heap before
{Heap before GC invocations=20 (full 0):
 garbage-first heap   total 245760K, used 189764K [0x0000000080000000, 0x0000000100000000)
  region size 1024K, 132 young (135168K), 15 survivors (15360K)
 Metaspace       used 86744K, committed 87360K, reserved 1179648K
  class space    used 11945K, committed 12224K, reserved 1048576K
}
Event: 5.969 GC heap after
{Heap after GC invocations=21 (full 0):
 garbage-first heap   total 245760K, used 83732K [0x0000000080000000, 0x0000000100000000)
  region size 1024K, 17 young (17408K), 17 survivors (17408K)
 Metaspace       used 86744K, committed 87360K, reserved 1179648K
  class space    used 11945K, committed 12224K, reserved 1048576K
}
Event: 6.513 GC heap before
{Heap before GC invocations=21 (full 0):
 garbage-first heap   total 245760K, used 197396K [0x0000000080000000, 0x0000000100000000)
  region size 1024K, 124 young (126976K), 17 survivors (17408K)
 Metaspace       used 89848K, committed 90560K, reserved 1179648K
  class space    used 12410K, committed 12736K, reserved 1048576K
}
Event: 6.519 GC heap after
{Heap after GC invocations=22 (full 0):
 garbage-first heap   total 245760K, used 94568K [0x0000000080000000, 0x0000000100000000)
  region size 1024K, 11 young (11264K), 11 survivors (11264K)
 Metaspace       used 89848K, committed 90560K, reserved 1179648K
  class space    used 12410K, committed 12736K, reserved 1048576K
}
Event: 7.028 GC heap before
{Heap before GC invocations=22 (full 0):
 garbage-first heap   total 245760K, used 193896K [0x0000000080000000, 0x0000000100000000)
  region size 1024K, 109 young (111616K), 11 survivors (11264K)
 Metaspace       used 95998K, committed 96704K, reserved 1179648K
  class space    used 13202K, committed 13568K, reserved 1048576K
}
Event: 7.033 GC heap after
{Heap after GC invocations=23 (full 0):
 garbage-first heap   total 245760K, used 102260K [0x0000000080000000, 0x0000000100000000)
  region size 1024K, 11 young (11264K), 11 survivors (11264K)
 Metaspace       used 95998K, committed 96704K, reserved 1179648K
  class space    used 13202K, committed 13568K, reserved 1048576K
}
Event: 7.257 GC heap before
{Heap before GC invocations=23 (full 0):
 garbage-first heap   total 245760K, used 183156K [0x0000000080000000, 0x0000000100000000)
  region size 1024K, 90 young (92160K), 11 survivors (11264K)
 Metaspace       used 99763K, committed 100416K, reserved 1179648K
  class space    used 13742K, committed 14080K, reserved 1048576K
}
Event: 7.261 GC heap after
{Heap after GC invocations=24 (full 0):
 garbage-first heap   total 245760K, used 116515K [0x0000000080000000, 0x0000000100000000)
  region size 1024K, 13 young (13312K), 13 survivors (13312K)
 Metaspace       used 99763K, committed 100416K, reserved 1179648K
  class space    used 13742K, committed 14080K, reserved 1048576K
}
Event: 7.461 GC heap before
{Heap before GC invocations=25 (full 0):
 garbage-first heap   total 245760K, used 194339K [0x0000000080000000, 0x0000000100000000)
  region size 1024K, 89 young (91136K), 13 survivors (13312K)
 Metaspace       used 100499K, committed 101184K, reserved 1179648K
  class space    used 13814K, committed 14144K, reserved 1048576K
}
Event: 7.468 GC heap after
{Heap after GC invocations=26 (full 0):
 garbage-first heap   total 245760K, used 129142K [0x0000000080000000, 0x0000000100000000)
  region size 1024K, 12 young (12288K), 12 survivors (12288K)
 Metaspace       used 100499K, committed 101184K, reserved 1179648K
  class space    used 13814K, committed 14144K, reserved 1048576K
}
Event: 7.472 GC heap before
{Heap before GC invocations=26 (full 0):
 garbage-first heap   total 245760K, used 130166K [0x0000000080000000, 0x0000000100000000)
  region size 1024K, 13 young (13312K), 12 survivors (12288K)
 Metaspace       used 100509K, committed 101184K, reserved 1179648K
  class space    used 13816K, committed 14144K, reserved 1048576K
}
Event: 7.476 GC heap after
{Heap after GC invocations=27 (full 0):
 garbage-first heap   total 245760K, used 130617K [0x0000000080000000, 0x0000000100000000)
  region size 1024K, 2 young (2048K), 2 survivors (2048K)
 Metaspace       used 100509K, committed 101184K, reserved 1179648K
  class space    used 13816K, committed 14144K, reserved 1048576K
}
Event: 7.710 GC heap before
{Heap before GC invocations=27 (full 0):
 garbage-first heap   total 245760K, used 193081K [0x0000000080000000, 0x0000000100000000)
  region size 1024K, 64 young (65536K), 2 survivors (2048K)
 Metaspace       used 102323K, committed 102976K, reserved 1179648K
  class space    used 14125K, committed 14464K, reserved 1048576K
}
Event: 7.715 GC heap after
{Heap after GC invocations=28 (full 0):
 garbage-first heap   total 245760K, used 139585K [0x0000000080000000, 0x0000000100000000)
  region size 1024K, 8 young (8192K), 8 survivors (8192K)
 Metaspace       used 102323K, committed 102976K, reserved 1179648K
  class space    used 14125K, committed 14464K, reserved 1048576K
}
Event: 7.912 GC heap before
{Heap before GC invocations=29 (full 0):
 garbage-first heap   total 270336K, used 195905K [0x0000000080000000, 0x0000000100000000)
  region size 1024K, 64 young (65536K), 8 survivors (8192K)
 Metaspace       used 103703K, committed 104448K, reserved 1179648K
  class space    used 14274K, committed 14656K, reserved 1048576K
}
Event: 7.918 GC heap after
{Heap after GC invocations=30 (full 0):
 garbage-first heap   total 270336K, used 148235K [0x0000000080000000, 0x0000000100000000)
  region size 1024K, 8 young (8192K), 8 survivors (8192K)
 Metaspace       used 103703K, committed 104448K, reserved 1179648K
  class space    used 14274K, committed 14656K, reserved 1048576K
}
Event: 7.957 GC heap before
{Heap before GC invocations=30 (full 0):
 garbage-first heap   total 270336K, used 152331K [0x0000000080000000, 0x0000000100000000)
  region size 1024K, 13 young (13312K), 8 survivors (8192K)
 Metaspace       used 104045K, committed 104768K, reserved 1179648K
  class space    used 14367K, committed 14720K, reserved 1048576K
}
Event: 7.961 GC heap after
{Heap after GC invocations=31 (full 0):
 garbage-first heap   total 270336K, used 149070K [0x0000000080000000, 0x0000000100000000)
  region size 1024K, 2 young (2048K), 2 survivors (2048K)
 Metaspace       used 104045K, committed 104768K, reserved 1179648K
  class space    used 14367K, committed 14720K, reserved 1048576K
}
Event: 8.097 GC heap before
{Heap before GC invocations=31 (full 0):
 garbage-first heap   total 270336K, used 214606K [0x0000000080000000, 0x0000000100000000)
  region size 1024K, 67 young (68608K), 2 survivors (2048K)
 Metaspace       used 104771K, committed 105472K, reserved 1179648K
  class space    used 14459K, committed 14784K, reserved 1048576K
}

