# JRE version: OpenJDK Runtime Environment (17.0.7) (build 17.0.7+0-b2043.56-10550314)
# Java VM: OpenJDK 64-Bit Server VM (17.0.7+0-b2043.56-10550314, mixed mode, tiered, compressed oops, compressed class ptrs, g1 gc, windows-amd64)
GC Precious Log:
 CPUs: 20 total, 20 available
 Memory: 16003M
 Large Page Support: Disabled
 NUMA Support: Disabled
 Compressed Oops: Enabled (32-bit)
 Heap Region Size: 1M
 Heap Min Capacity: 8M
 Heap Initial Capacity: 252M
 Heap Max Capacity: 2G
 Pre-touch: Disabled
 Parallel Workers: 15
 Concurrent Workers: 4
 Concurrent Refinement Workers: 15
 Periodic GC: Disabled
Heap:
 garbage-first heap   total 168960K, used 79798K [0x0000000080000000, 0x0000000100000000)
  region size 1024K, 23 young (23552K), 6 survivors (6144K)
 Metaspace       used 68806K, committed 69376K, reserved 1114112K
  class space    used 9136K, committed 9408K, reserved 1048576K
GC Heap History (20 events):
Event: 3.185 GC heap before
{Heap before GC invocations=18 (full 0):
 garbage-first heap   total 89088K, used 61134K [0x0000000080000000, 0x0000000100000000)
  region size 1024K, 15 young (15360K), 3 survivors (3072K)
 Metaspace       used 53833K, committed 54272K, reserved 1114112K
  class space    used 7129K, committed 7296K, reserved 1048576K
}
Event: 3.186 GC heap after
{Heap after GC invocations=19 (full 0):
 garbage-first heap   total 89088K, used 51584K [0x0000000080000000, 0x0000000100000000)
  region size 1024K, 2 young (2048K), 2 survivors (2048K)
 Metaspace       used 53833K, committed 54272K, reserved 1114112K
  class space    used 7129K, committed 7296K, reserved 1048576K
}
Event: 3.195 GC heap before
{Heap before GC invocations=19 (full 0):
 garbage-first heap   total 89088K, used 53632K [0x0000000080000000, 0x0000000100000000)
  region size 1024K, 5 young (5120K), 2 survivors (2048K)
 Metaspace       used 53966K, committed 54400K, reserved 1114112K
  class space    used 7140K, committed 7296K, reserved 1048576K
}
Event: 3.196 GC heap after
{Heap after GC invocations=20 (full 0):
 garbage-first heap   total 89088K, used 51902K [0x0000000080000000, 0x0000000100000000)
  region size 1024K, 1 young (1024K), 1 survivors (1024K)
 Metaspace       used 53966K, committed 54400K, reserved 1114112K
  class space    used 7140K, committed 7296K, reserved 1048576K
}
Event: 3.305 GC heap before
{Heap before GC invocations=21 (full 0):
 garbage-first heap   total 94208K, used 65214K [0x0000000080000000, 0x0000000100000000)
  region size 1024K, 14 young (14336K), 1 survivors (1024K)
 Metaspace       used 55114K, committed 55552K, reserved 1114112K
  class space    used 7327K, committed 7488K, reserved 1048576K
}
Event: 3.306 GC heap after
{Heap after GC invocations=22 (full 0):
 garbage-first heap   total 94208K, used 53403K [0x0000000080000000, 0x0000000100000000)
  region size 1024K, 1 young (1024K), 1 survivors (1024K)
 Metaspace       used 55114K, committed 55552K, reserved 1114112K
  class space    used 7327K, committed 7488K, reserved 1048576K
}
Event: 3.325 GC heap before
{Heap before GC invocations=22 (full 0):
 garbage-first heap   total 94208K, used 55451K [0x0000000080000000, 0x0000000100000000)
  region size 1024K, 4 young (4096K), 1 survivors (1024K)
 Metaspace       used 55371K, committed 55872K, reserved 1114112K
  class space    used 7364K, committed 7552K, reserved 1048576K
}
Event: 3.326 GC heap after
{Heap after GC invocations=23 (full 0):
 garbage-first heap   total 94208K, used 53459K [0x0000000080000000, 0x0000000100000000)
  region size 1024K, 1 young (1024K), 1 survivors (1024K)
 Metaspace       used 55371K, committed 55872K, reserved 1114112K
  class space    used 7364K, committed 7552K, reserved 1048576K
}
Event: 3.437 GC heap before
{Heap before GC invocations=23 (full 0):
 garbage-first heap   total 94208K, used 68819K [0x0000000080000000, 0x0000000100000000)
  region size 1024K, 16 young (16384K), 1 survivors (1024K)
 Metaspace       used 56928K, committed 57408K, reserved 1114112K
  class space    used 7582K, committed 7744K, reserved 1048576K
}
Event: 3.438 GC heap after
{Heap after GC invocations=24 (full 0):
 garbage-first heap   total 135168K, used 53960K [0x0000000080000000, 0x0000000100000000)
  region size 1024K, 1 young (1024K), 1 survivors (1024K)
 Metaspace       used 56928K, committed 57408K, reserved 1114112K
  class space    used 7582K, committed 7744K, reserved 1048576K
}
Event: 3.744 GC heap before
{Heap before GC invocations=25 (full 0):
 garbage-first heap   total 135168K, used 91848K [0x0000000080000000, 0x0000000100000000)
  region size 1024K, 38 young (38912K), 1 survivors (1024K)
 Metaspace       used 61876K, committed 62400K, reserved 1114112K
  class space    used 8221K, committed 8448K, reserved 1048576K
}
Event: 3.746 GC heap after
{Heap after GC invocations=26 (full 0):
 garbage-first heap   total 135168K, used 55039K [0x0000000080000000, 0x0000000100000000)
  region size 1024K, 2 young (2048K), 2 survivors (2048K)
 Metaspace       used 61876K, committed 62400K, reserved 1114112K
  class space    used 8221K, committed 8448K, reserved 1048576K
}
Event: 3.779 GC heap before
{Heap before GC invocations=26 (full 0):
 garbage-first heap   total 135168K, used 58111K [0x0000000080000000, 0x0000000100000000)
  region size 1024K, 6 young (6144K), 2 survivors (2048K)
 Metaspace       used 62472K, committed 62976K, reserved 1114112K
  class space    used 8306K, committed 8512K, reserved 1048576K
}
Event: 3.781 GC heap after
{Heap after GC invocations=27 (full 0):
 garbage-first heap   total 135168K, used 54845K [0x0000000080000000, 0x0000000100000000)
  region size 1024K, 1 young (1024K), 1 survivors (1024K)
 Metaspace       used 62472K, committed 62976K, reserved 1114112K
  class space    used 8306K, committed 8512K, reserved 1048576K
}
Event: 3.871 GC heap before
{Heap before GC invocations=27 (full 0):
 garbage-first heap   total 135168K, used 79421K [0x0000000080000000, 0x0000000100000000)
  region size 1024K, 21 young (21504K), 1 survivors (1024K)
 Metaspace       used 64328K, committed 64896K, reserved 1114112K
  class space    used 8530K, committed 8832K, reserved 1048576K
}
Event: 3.873 GC heap after
{Heap after GC invocations=28 (full 0):
 garbage-first heap   total 135168K, used 62607K [0x0000000080000000, 0x0000000100000000)
  region size 1024K, 4 young (4096K), 4 survivors (4096K)
 Metaspace       used 64328K, committed 64896K, reserved 1114112K
  class space    used 8530K, committed 8832K, reserved 1048576K
}
Event: 4.067 GC heap before
{Heap before GC invocations=28 (full 0):
 garbage-first heap   total 135168K, used 100495K [0x0000000080000000, 0x0000000100000000)
  region size 1024K, 40 young (40960K), 4 survivors (4096K)
 Metaspace       used 67018K, committed 67584K, reserved 1114112K
  class space    used 8888K, committed 9152K, reserved 1048576K
}
Event: 4.069 GC heap after
{Heap after GC invocations=29 (full 0):
 garbage-first heap   total 135168K, used 60694K [0x0000000080000000, 0x0000000100000000)
  region size 1024K, 4 young (4096K), 4 survivors (4096K)
 Metaspace       used 67018K, committed 67584K, reserved 1114112K
  class space    used 8888K, committed 9152K, reserved 1048576K
}
Event: 4.294 GC heap before
{Heap before GC invocations=29 (full 0):
 garbage-first heap   total 135168K, used 100630K [0x0000000080000000, 0x0000000100000000)
  region size 1024K, 43 young (44032K), 4 survivors (4096K)
 Metaspace       used 68689K, committed 69248K, reserved 1114112K
  class space    used 9121K, committed 9344K, reserved 1048576K
}
Event: 4.297 GC heap after
{Heap after GC invocations=30 (full 0):
 garbage-first heap   total 168960K, used 63414K [0x0000000080000000, 0x0000000100000000)
  region size 1024K, 6 young (6144K), 6 survivors (6144K)
 Metaspace       used 68689K, committed 69248K, reserved 1114112K
  class space    used 9121K, committed 9344K, reserved 1048576K
}

