# JRE version: OpenJDK Runtime Environment (17.0.7) (build 17.0.7+0-b2043.56-10550314)
# Java VM: OpenJDK 64-Bit Server VM (17.0.7+0-b2043.56-10550314, mixed mode, tiered, compressed oops, compressed class ptrs, g1 gc, windows-amd64)
GC Precious Log:
 CPUs: 20 total, 20 available
 Memory: 16003M
 Large Page Support: Disabled
 NUMA Support: Disabled
 Compressed Oops: Enabled (32-bit)
 Heap Region Size: 1M
 Heap Min Capacity: 8M
 Heap Initial Capacity: 252M
 Heap Max Capacity: 2G
 Pre-touch: Disabled
 Parallel Workers: 15
 Concurrent Workers: 4
 Concurrent Refinement Workers: 15
 Periodic GC: Disabled
Heap:
 garbage-first heap   total 281600K, used 223192K [0x0000000080000000, 0x0000000100000000)
  region size 1024K, 92 young (94208K), 8 survivors (8192K)
 Metaspace       used 100421K, committed 101184K, reserved 1179648K
  class space    used 13547K, committed 13888K, reserved 1048576K
GC Heap History (20 events):
Event: 4.464 GC heap before
{Heap before GC invocations=19 (full 0):
 garbage-first heap   total 197632K, used 157048K [0x0000000080000000, 0x0000000100000000)
  region size 1024K, 74 young (75776K), 10 survivors (10240K)
 Metaspace       used 68593K, committed 69184K, reserved 1114112K
  class space    used 9180K, committed 9408K, reserved 1048576K
}
Event: 4.470 GC heap after
{Heap after GC invocations=20 (full 0):
 garbage-first heap   total 197632K, used 90831K [0x0000000080000000, 0x0000000100000000)
  region size 1024K, 6 young (6144K), 6 survivors (6144K)
 Metaspace       used 68593K, committed 69184K, reserved 1114112K
  class space    used 9180K, committed 9408K, reserved 1048576K
}
Event: 4.778 GC heap before
{Heap before GC invocations=20 (full 0):
 garbage-first heap   total 197632K, used 155343K [0x0000000080000000, 0x0000000100000000)
  region size 1024K, 69 young (70656K), 6 survivors (6144K)
 Metaspace       used 71079K, committed 71744K, reserved 1114112K
  class space    used 9505K, committed 9792K, reserved 1048576K
}
Event: 4.782 GC heap after
{Heap after GC invocations=21 (full 0):
 garbage-first heap   total 197632K, used 95578K [0x0000000080000000, 0x0000000100000000)
  region size 1024K, 5 young (5120K), 5 survivors (5120K)
 Metaspace       used 71079K, committed 71744K, reserved 1114112K
  class space    used 9505K, committed 9792K, reserved 1048576K
}
Event: 4.957 GC heap before
{Heap before GC invocations=21 (full 0):
 garbage-first heap   total 197632K, used 118106K [0x0000000080000000, 0x0000000100000000)
  region size 1024K, 28 young (28672K), 5 survivors (5120K)
 Metaspace       used 72734K, committed 73344K, reserved 1114112K
  class space    used 9744K, committed 9984K, reserved 1048576K
}
Event: 4.960 GC heap after
{Heap after GC invocations=22 (full 0):
 garbage-first heap   total 197632K, used 96728K [0x0000000080000000, 0x0000000100000000)
  region size 1024K, 6 young (6144K), 6 survivors (6144K)
 Metaspace       used 72734K, committed 73344K, reserved 1114112K
  class space    used 9744K, committed 9984K, reserved 1048576K
}
Event: 5.387 GC heap before
{Heap before GC invocations=23 (full 0):
 garbage-first heap   total 197632K, used 162264K [0x0000000080000000, 0x0000000100000000)
  region size 1024K, 69 young (70656K), 6 survivors (6144K)
 Metaspace       used 77679K, committed 78336K, reserved 1179648K
  class space    used 10631K, committed 10880K, reserved 1048576K
}
Event: 5.390 GC heap after
{Heap after GC invocations=24 (full 0):
 garbage-first heap   total 197632K, used 98898K [0x0000000080000000, 0x0000000100000000)
  region size 1024K, 4 young (4096K), 4 survivors (4096K)
 Metaspace       used 77679K, committed 78336K, reserved 1179648K
  class space    used 10631K, committed 10880K, reserved 1048576K
}
Event: 5.523 GC heap before
{Heap before GC invocations=24 (full 0):
 garbage-first heap   total 197632K, used 113234K [0x0000000080000000, 0x0000000100000000)
  region size 1024K, 19 young (19456K), 4 survivors (4096K)
 Metaspace       used 79487K, committed 80128K, reserved 1179648K
  class space    used 10859K, committed 11136K, reserved 1048576K
}
Event: 5.525 GC heap after
{Heap after GC invocations=25 (full 0):
 garbage-first heap   total 197632K, used 99453K [0x0000000080000000, 0x0000000100000000)
  region size 1024K, 5 young (5120K), 5 survivors (5120K)
 Metaspace       used 79487K, committed 80128K, reserved 1179648K
  class space    used 10859K, committed 11136K, reserved 1048576K
}
Event: 5.949 GC heap before
{Heap before GC invocations=26 (full 0):
 garbage-first heap   total 206848K, used 183421K [0x0000000080000000, 0x0000000100000000)
  region size 1024K, 67 young (68608K), 5 survivors (5120K)
 Metaspace       used 83572K, committed 84352K, reserved 1179648K
  class space    used 11470K, committed 11840K, reserved 1048576K
}
Event: 5.952 GC heap after
{Heap after GC invocations=27 (full 0):
 garbage-first heap   total 206848K, used 128969K [0x0000000080000000, 0x0000000100000000)
  region size 1024K, 9 young (9216K), 9 survivors (9216K)
 Metaspace       used 83572K, committed 84352K, reserved 1179648K
  class space    used 11470K, committed 11840K, reserved 1048576K
}
Event: 5.985 GC heap before
{Heap before GC invocations=27 (full 0):
 garbage-first heap   total 206848K, used 133065K [0x0000000080000000, 0x0000000100000000)
  region size 1024K, 15 young (15360K), 9 survivors (9216K)
 Metaspace       used 84270K, committed 84992K, reserved 1179648K
  class space    used 11555K, committed 11904K, reserved 1048576K
}
Event: 5.987 GC heap after
{Heap after GC invocations=28 (full 0):
 garbage-first heap   total 206848K, used 129885K [0x0000000080000000, 0x0000000100000000)
  region size 1024K, 2 young (2048K), 2 survivors (2048K)
 Metaspace       used 84270K, committed 84992K, reserved 1179648K
  class space    used 11555K, committed 11904K, reserved 1048576K
}
Event: 6.331 GC heap before
{Heap before GC invocations=29 (full 0):
 garbage-first heap   total 224256K, used 178013K [0x0000000080000000, 0x0000000100000000)
  region size 1024K, 47 young (48128K), 2 survivors (2048K)
 Metaspace       used 89425K, committed 90112K, reserved 1179648K
  class space    used 12231K, committed 12544K, reserved 1048576K
}
Event: 6.334 GC heap after
{Heap after GC invocations=30 (full 0):
 garbage-first heap   total 224256K, used 130681K [0x0000000080000000, 0x0000000100000000)
  region size 1024K, 2 young (2048K), 2 survivors (2048K)
 Metaspace       used 89425K, committed 90112K, reserved 1179648K
  class space    used 12231K, committed 12544K, reserved 1048576K
}
Event: 6.715 GC heap before
{Heap before GC invocations=30 (full 0):
 garbage-first heap   total 224256K, used 173689K [0x0000000080000000, 0x0000000100000000)
  region size 1024K, 46 young (47104K), 2 survivors (2048K)
 Metaspace       used 94848K, committed 95616K, reserved 1179648K
  class space    used 12949K, committed 13312K, reserved 1048576K
}
Event: 6.719 GC heap after
{Heap after GC invocations=31 (full 0):
 garbage-first heap   total 224256K, used 133238K [0x0000000080000000, 0x0000000100000000)
  region size 1024K, 5 young (5120K), 5 survivors (5120K)
 Metaspace       used 94848K, committed 95616K, reserved 1179648K
  class space    used 12949K, committed 13312K, reserved 1048576K
}
Event: 7.037 GC heap before
{Heap before GC invocations=32 (full 0):
 garbage-first heap   total 234496K, used 194678K [0x0000000080000000, 0x0000000100000000)
  region size 1024K, 61 young (62464K), 5 survivors (5120K)
 Metaspace       used 96552K, committed 97344K, reserved 1179648K
  class space    used 13077K, committed 13440K, reserved 1048576K
}
Event: 7.042 GC heap after
{Heap after GC invocations=33 (full 0):
 garbage-first heap   total 281600K, used 139224K [0x0000000080000000, 0x0000000100000000)
  region size 1024K, 8 young (8192K), 8 survivors (8192K)
 Metaspace       used 96552K, committed 97344K, reserved 1179648K
  class space    used 13077K, committed 13440K, reserved 1048576K
}

