# JRE version: OpenJDK Runtime Environment (17.0.7) (build 17.0.7+0-b2043.56-10550314)
# Java VM: OpenJDK 64-Bit Server VM (17.0.7+0-b2043.56-10550314, mixed mode, tiered, compressed oops, compressed class ptrs, g1 gc, windows-amd64)
GC Precious Log:
 CPUs: 20 total, 20 available
 Memory: 16003M
 Large Page Support: Disabled
 NUMA Support: Disabled
 Compressed Oops: Enabled (32-bit)
 Heap Region Size: 1M
 Heap Min Capacity: 8M
 Heap Initial Capacity: 252M
 Heap Max Capacity: 2G
 Pre-touch: Disabled
 Parallel Workers: 15
 Concurrent Workers: 4
 Concurrent Refinement Workers: 15
 Periodic GC: Disabled
Heap:
 garbage-first heap   total 211968K, used 96764K [0x0000000080000000, 0x0000000100000000)
  region size 1024K, 3 young (3072K), 3 survivors (3072K)
 Metaspace       used 68297K, committed 68928K, reserved 1114112K
  class space    used 9137K, committed 9408K, reserved 1048576K
GC Heap History (20 events):
Event: 3.304 GC heap after
{Heap after GC invocations=24 (full 0):
 garbage-first heap   total 128000K, used 68681K [0x0000000080000000, 0x0000000100000000)
  region size 1024K, 3 young (3072K), 3 survivors (3072K)
 Metaspace       used 53463K, committed 53952K, reserved 1114112K
  class space    used 7191K, committed 7424K, reserved 1048576K
}
Event: 3.541 GC heap before
{Heap before GC invocations=25 (full 0):
 garbage-first heap   total 128000K, used 98377K [0x0000000080000000, 0x0000000100000000)
  region size 1024K, 33 young (33792K), 3 survivors (3072K)
 Metaspace       used 55371K, committed 55936K, reserved 1114112K
  class space    used 7417K, committed 7680K, reserved 1048576K
}
Event: 3.544 GC heap after
{Heap after GC invocations=26 (full 0):
 garbage-first heap   total 128000K, used 72318K [0x0000000080000000, 0x0000000100000000)
  region size 1024K, 5 young (5120K), 5 survivors (5120K)
 Metaspace       used 55371K, committed 55936K, reserved 1114112K
  class space    used 7417K, committed 7680K, reserved 1048576K
}
Event: 3.574 GC heap before
{Heap before GC invocations=26 (full 0):
 garbage-first heap   total 128000K, used 74366K [0x0000000080000000, 0x0000000100000000)
  region size 1024K, 9 young (9216K), 5 survivors (5120K)
 Metaspace       used 55448K, committed 56000K, reserved 1114112K
  class space    used 7426K, committed 7680K, reserved 1048576K
}
Event: 3.576 GC heap after
{Heap after GC invocations=27 (full 0):
 garbage-first heap   total 128000K, used 72996K [0x0000000080000000, 0x0000000100000000)
  region size 1024K, 1 young (1024K), 1 survivors (1024K)
 Metaspace       used 55448K, committed 56000K, reserved 1114112K
  class space    used 7426K, committed 7680K, reserved 1048576K
}
Event: 3.618 GC heap before
{Heap before GC invocations=28 (full 0):
 garbage-first heap   total 128000K, used 85284K [0x0000000080000000, 0x0000000100000000)
  region size 1024K, 10 young (10240K), 1 survivors (1024K)
 Metaspace       used 55784K, committed 56320K, reserved 1114112K
  class space    used 7484K, committed 7744K, reserved 1048576K
}
Event: 3.619 GC heap after
{Heap after GC invocations=29 (full 0):
 garbage-first heap   total 153600K, used 81457K [0x0000000080000000, 0x0000000100000000)
  region size 1024K, 4 young (4096K), 4 survivors (4096K)
 Metaspace       used 55784K, committed 56320K, reserved 1114112K
  class space    used 7484K, committed 7744K, reserved 1048576K
}
Event: 3.655 GC heap before
{Heap before GC invocations=30 (full 0):
 garbage-first heap   total 153600K, used 92721K [0x0000000080000000, 0x0000000100000000)
  region size 1024K, 15 young (15360K), 4 survivors (4096K)
 Metaspace       used 56407K, committed 57024K, reserved 1114112K
  class space    used 7542K, committed 7808K, reserved 1048576K
}
Event: 3.657 GC heap after
{Heap after GC invocations=31 (full 0):
 garbage-first heap   total 153600K, used 83359K [0x0000000080000000, 0x0000000100000000)
  region size 1024K, 3 young (3072K), 3 survivors (3072K)
 Metaspace       used 56407K, committed 57024K, reserved 1114112K
  class space    used 7542K, committed 7808K, reserved 1048576K
}
Event: 3.795 GC heap before
{Heap before GC invocations=32 (full 0):
 garbage-first heap   total 153600K, used 108959K [0x0000000080000000, 0x0000000100000000)
  region size 1024K, 28 young (28672K), 3 survivors (3072K)
 Metaspace       used 58754K, committed 59328K, reserved 1114112K
  class space    used 7885K, committed 8128K, reserved 1048576K
}
Event: 3.796 GC heap after
{Heap after GC invocations=33 (full 0):
 garbage-first heap   total 153600K, used 85534K [0x0000000080000000, 0x0000000100000000)
  region size 1024K, 1 young (1024K), 1 survivors (1024K)
 Metaspace       used 58754K, committed 59328K, reserved 1114112K
  class space    used 7885K, committed 8128K, reserved 1048576K
}
Event: 3.847 GC heap before
{Heap before GC invocations=33 (full 0):
 garbage-first heap   total 153600K, used 91678K [0x0000000080000000, 0x0000000100000000)
  region size 1024K, 7 young (7168K), 1 survivors (1024K)
 Metaspace       used 59370K, committed 59968K, reserved 1114112K
  class space    used 7980K, committed 8256K, reserved 1048576K
}
Event: 3.849 GC heap after
{Heap after GC invocations=34 (full 0):
 garbage-first heap   total 153600K, used 84923K [0x0000000080000000, 0x0000000100000000)
  region size 1024K, 1 young (1024K), 1 survivors (1024K)
 Metaspace       used 59370K, committed 59968K, reserved 1114112K
  class space    used 7980K, committed 8256K, reserved 1048576K
}
Event: 4.026 GC heap before
{Heap before GC invocations=34 (full 0):
 garbage-first heap   total 153600K, used 112571K [0x0000000080000000, 0x0000000100000000)
  region size 1024K, 28 young (28672K), 1 survivors (1024K)
 Metaspace       used 62531K, committed 63168K, reserved 1114112K
  class space    used 8356K, committed 8640K, reserved 1048576K
}
Event: 4.028 GC heap after
{Heap after GC invocations=35 (full 0):
 garbage-first heap   total 153600K, used 85544K [0x0000000080000000, 0x0000000100000000)
  region size 1024K, 1 young (1024K), 1 survivors (1024K)
 Metaspace       used 62531K, committed 63168K, reserved 1114112K
  class space    used 8356K, committed 8640K, reserved 1048576K
}
Event: 4.276 GC heap before
{Heap before GC invocations=36 (full 0):
 garbage-first heap   total 153600K, used 120360K [0x0000000080000000, 0x0000000100000000)
  region size 1024K, 31 young (31744K), 1 survivors (1024K)
 Metaspace       used 66347K, committed 67008K, reserved 1114112K
  class space    used 8871K, committed 9152K, reserved 1048576K
}
Event: 4.278 GC heap after
{Heap after GC invocations=37 (full 0):
 garbage-first heap   total 153600K, used 93146K [0x0000000080000000, 0x0000000100000000)
  region size 1024K, 4 young (4096K), 4 survivors (4096K)
 Metaspace       used 66347K, committed 67008K, reserved 1114112K
  class space    used 8871K, committed 9152K, reserved 1048576K
}
Event: 4.282 GC heap before
{Heap before GC invocations=37 (full 0):
 garbage-first heap   total 153600K, used 98266K [0x0000000080000000, 0x0000000100000000)
  region size 1024K, 7 young (7168K), 4 survivors (4096K)
 Metaspace       used 66347K, committed 67008K, reserved 1114112K
  class space    used 8871K, committed 9152K, reserved 1048576K
}
Event: 4.284 GC heap after
{Heap after GC invocations=38 (full 0):
 garbage-first heap   total 153600K, used 95644K [0x0000000080000000, 0x0000000100000000)
  region size 1024K, 1 young (1024K), 1 survivors (1024K)
 Metaspace       used 66347K, committed 67008K, reserved 1114112K
  class space    used 8871K, committed 9152K, reserved 1048576K
}
Event: 4.419 GC heap before
{Heap before GC invocations=38 (full 0):
 garbage-first heap   total 153600K, used 119196K [0x0000000080000000, 0x0000000100000000)
  region size 1024K, 25 young (25600K), 1 survivors (1024K)
 Metaspace       used 68297K, committed 68928K, reserved 1114112K
  class space    used 9137K, committed 9408K, reserved 1048576K
}

