# JRE version: OpenJDK Runtime Environment (17.0.7) (build 17.0.7+0-b2043.56-10550314)
# Java VM: OpenJDK 64-Bit Server VM (17.0.7+0-b2043.56-10550314, mixed mode, tiered, compressed oops, compressed class ptrs, g1 gc, windows-amd64)
GC Precious Log:
 CPUs: 20 total, 20 available
 Memory: 16003M
 Large Page Support: Disabled
 NUMA Support: Disabled
 Compressed Oops: Enabled (32-bit)
 Heap Region Size: 1M
 Heap Min Capacity: 8M
 Heap Initial Capacity: 252M
 Heap Max Capacity: 2G
 Pre-touch: Disabled
 Parallel Workers: 15
 Concurrent Workers: 4
 Concurrent Refinement Workers: 15
 Periodic GC: Disabled
Heap:
 garbage-first heap   total 262144K, used 144380K [0x0000000080000000, 0x0000000100000000)
  region size 1024K, 53 young (54272K), 2 survivors (2048K)
 Metaspace       used 71962K, committed 72576K, reserved 1114112K
  class space    used 9615K, committed 9856K, reserved 1048576K
GC Heap History (20 events):
Event: 3.161 GC heap before
{Heap before GC invocations=18 (full 0):
 garbage-first heap   total 106496K, used 78201K [0x0000000080000000, 0x0000000100000000)
  region size 1024K, 23 young (23552K), 2 survivors (2048K)
 Metaspace       used 48124K, committed 48640K, reserved 1114112K
  class space    used 6413K, committed 6656K, reserved 1048576K
}
Event: 3.163 GC heap after
{Heap after GC invocations=19 (full 0):
 garbage-first heap   total 106496K, used 60174K [0x0000000080000000, 0x0000000100000000)
  region size 1024K, 4 young (4096K), 4 survivors (4096K)
 Metaspace       used 48124K, committed 48640K, reserved 1114112K
  class space    used 6413K, committed 6656K, reserved 1048576K
}
Event: 3.206 GC heap before
{Heap before GC invocations=20 (full 0):
 garbage-first heap   total 106496K, used 66318K [0x0000000080000000, 0x0000000100000000)
  region size 1024K, 9 young (9216K), 4 survivors (4096K)
 Metaspace       used 48448K, committed 48960K, reserved 1114112K
  class space    used 6438K, committed 6656K, reserved 1048576K
}
Event: 3.209 GC heap after
{Heap after GC invocations=21 (full 0):
 garbage-first heap   total 135168K, used 64947K [0x0000000080000000, 0x0000000100000000)
  region size 1024K, 2 young (2048K), 2 survivors (2048K)
 Metaspace       used 48448K, committed 48960K, reserved 1114112K
  class space    used 6438K, committed 6656K, reserved 1048576K
}
Event: 3.549 GC heap before
{Heap before GC invocations=22 (full 0):
 garbage-first heap   total 135168K, used 103859K [0x0000000080000000, 0x0000000100000000)
  region size 1024K, 38 young (38912K), 2 survivors (2048K)
 Metaspace       used 51506K, committed 51968K, reserved 1114112K
  class space    used 6808K, committed 7040K, reserved 1048576K
}
Event: 3.551 GC heap after
{Heap after GC invocations=23 (full 0):
 garbage-first heap   total 135168K, used 67698K [0x0000000080000000, 0x0000000100000000)
  region size 1024K, 5 young (5120K), 5 survivors (5120K)
 Metaspace       used 51506K, committed 51968K, reserved 1114112K
  class space    used 6808K, committed 7040K, reserved 1048576K
}
Event: 3.856 GC heap before
{Heap before GC invocations=23 (full 0):
 garbage-first heap   total 135168K, used 103538K [0x0000000080000000, 0x0000000100000000)
  region size 1024K, 40 young (40960K), 5 survivors (5120K)
 Metaspace       used 55159K, committed 55744K, reserved 1114112K
  class space    used 7431K, committed 7680K, reserved 1048576K
}
Event: 3.859 GC heap after
{Heap after GC invocations=24 (full 0):
 garbage-first heap   total 135168K, used 70025K [0x0000000080000000, 0x0000000100000000)
  region size 1024K, 3 young (3072K), 3 survivors (3072K)
 Metaspace       used 55159K, committed 55744K, reserved 1114112K
  class space    used 7431K, committed 7680K, reserved 1048576K
}
Event: 4.087 GC heap before
{Heap before GC invocations=25 (full 0):
 garbage-first heap   total 135168K, used 93577K [0x0000000080000000, 0x0000000100000000)
  region size 1024K, 28 young (28672K), 3 survivors (3072K)
 Metaspace       used 56079K, committed 56640K, reserved 1114112K
  class space    used 7498K, committed 7744K, reserved 1048576K
}
Event: 4.089 GC heap after
{Heap after GC invocations=26 (full 0):
 garbage-first heap   total 135168K, used 73466K [0x0000000080000000, 0x0000000100000000)
  region size 1024K, 5 young (5120K), 5 survivors (5120K)
 Metaspace       used 56079K, committed 56640K, reserved 1114112K
  class space    used 7498K, committed 7744K, reserved 1048576K
}
Event: 4.310 GC heap before
{Heap before GC invocations=27 (full 0):
 garbage-first heap   total 135168K, used 112378K [0x0000000080000000, 0x0000000100000000)
  region size 1024K, 38 young (38912K), 5 survivors (5120K)
 Metaspace       used 58274K, committed 58880K, reserved 1114112K
  class space    used 7805K, committed 8064K, reserved 1048576K
}
Event: 4.314 GC heap after
{Heap after GC invocations=28 (full 0):
 garbage-first heap   total 135168K, used 85082K [0x0000000080000000, 0x0000000100000000)
  region size 1024K, 5 young (5120K), 5 survivors (5120K)
 Metaspace       used 58274K, committed 58880K, reserved 1114112K
  class space    used 7805K, committed 8064K, reserved 1048576K
}
Event: 4.319 GC heap before
{Heap before GC invocations=28 (full 0):
 garbage-first heap   total 135168K, used 86106K [0x0000000080000000, 0x0000000100000000)
  region size 1024K, 6 young (6144K), 5 survivors (5120K)
 Metaspace       used 58353K, committed 58944K, reserved 1114112K
  class space    used 7816K, committed 8064K, reserved 1048576K
}
Event: 4.321 GC heap after
{Heap after GC invocations=29 (full 0):
 garbage-first heap   total 135168K, used 85029K [0x0000000080000000, 0x0000000100000000)
  region size 1024K, 1 young (1024K), 1 survivors (1024K)
 Metaspace       used 58353K, committed 58944K, reserved 1114112K
  class space    used 7816K, committed 8064K, reserved 1048576K
}
Event: 4.475 GC heap before
{Heap before GC invocations=29 (full 0):
 garbage-first heap   total 135168K, used 108581K [0x0000000080000000, 0x0000000100000000)
  region size 1024K, 25 young (25600K), 1 survivors (1024K)
 Metaspace       used 60915K, committed 61504K, reserved 1114112K
  class space    used 8119K, committed 8384K, reserved 1048576K
}
Event: 4.476 GC heap after
{Heap after GC invocations=30 (full 0):
 garbage-first heap   total 262144K, used 85597K [0x0000000080000000, 0x0000000100000000)
  region size 1024K, 1 young (1024K), 1 survivors (1024K)
 Metaspace       used 60915K, committed 61504K, reserved 1114112K
  class space    used 8119K, committed 8384K, reserved 1048576K
}
Event: 5.174 GC heap before
{Heap before GC invocations=31 (full 0):
 garbage-first heap   total 262144K, used 186973K [0x0000000080000000, 0x0000000100000000)
  region size 1024K, 94 young (96256K), 1 survivors (1024K)
 Metaspace       used 70159K, committed 70720K, reserved 1114112K
  class space    used 9374K, committed 9600K, reserved 1048576K
}
Event: 5.179 GC heap after
{Heap after GC invocations=32 (full 0):
 garbage-first heap   total 262144K, used 92483K [0x0000000080000000, 0x0000000100000000)
  region size 1024K, 8 young (8192K), 8 survivors (8192K)
 Metaspace       used 70159K, committed 70720K, reserved 1114112K
  class space    used 9374K, committed 9600K, reserved 1048576K
}
Event: 5.204 GC heap before
{Heap before GC invocations=32 (full 0):
 garbage-first heap   total 262144K, used 95555K [0x0000000080000000, 0x0000000100000000)
  region size 1024K, 12 young (12288K), 8 survivors (8192K)
 Metaspace       used 70442K, committed 71040K, reserved 1114112K
  class space    used 9414K, committed 9664K, reserved 1048576K
}
Event: 5.207 GC heap after
{Heap after GC invocations=33 (full 0):
 garbage-first heap   total 262144K, used 93180K [0x0000000080000000, 0x0000000100000000)
  region size 1024K, 2 young (2048K), 2 survivors (2048K)
 Metaspace       used 70442K, committed 71040K, reserved 1114112K
  class space    used 9414K, committed 9664K, reserved 1048576K
}

