# JRE version: OpenJDK Runtime Environment (17.0.7) (build 17.0.7+0-b2043.56-10550314)
# Java VM: OpenJDK 64-Bit Server VM (17.0.7+0-b2043.56-10550314, mixed mode, tiered, compressed oops, compressed class ptrs, g1 gc, windows-amd64)
GC Precious Log:
 CPUs: 20 total, 20 available
 Memory: 16003M
 Large Page Support: Disabled
 NUMA Support: Disabled
 Compressed Oops: Enabled (32-bit)
 Heap Region Size: 1M
 Heap Min Capacity: 8M
 Heap Initial Capacity: 252M
 Heap Max Capacity: 2G
 Pre-touch: Disabled
 Parallel Workers: 15
 Concurrent Workers: 4
 Concurrent Refinement Workers: 15
 Periodic GC: Disabled
Heap:
 garbage-first heap   total 208896K, used 154319K [0x0000000080000000, 0x0000000100000000)
  region size 1024K, 36 young (36864K), 2 survivors (2048K)
 Metaspace       used 82528K, committed 83264K, reserved 1179648K
  class space    used 11341K, committed 11712K, reserved 1048576K
GC Heap History (20 events):
Event: 3.437 GC heap before
{Heap before GC invocations=20 (full 0):
 garbage-first heap   total 163840K, used 120262K [0x0000000080000000, 0x0000000100000000)
  region size 1024K, 57 young (58368K), 4 survivors (4096K)
 Metaspace       used 54974K, committed 55488K, reserved 1114112K
  class space    used 7386K, committed 7616K, reserved 1048576K
}
Event: 3.440 GC heap after
{Heap after GC invocations=21 (full 0):
 garbage-first heap   total 163840K, used 70336K [0x0000000080000000, 0x0000000100000000)
  region size 1024K, 8 young (8192K), 8 survivors (8192K)
 Metaspace       used 54974K, committed 55488K, reserved 1114112K
  class space    used 7386K, committed 7616K, reserved 1048576K
}
Event: 3.702 GC heap before
{Heap before GC invocations=21 (full 0):
 garbage-first heap   total 163840K, used 128704K [0x0000000080000000, 0x0000000100000000)
  region size 1024K, 60 young (61440K), 8 survivors (8192K)
 Metaspace       used 57791K, committed 58368K, reserved 1114112K
  class space    used 7752K, committed 8000K, reserved 1048576K
}
Event: 3.707 GC heap after
{Heap after GC invocations=22 (full 0):
 garbage-first heap   total 163840K, used 84420K [0x0000000080000000, 0x0000000100000000)
  region size 1024K, 8 young (8192K), 8 survivors (8192K)
 Metaspace       used 57791K, committed 58368K, reserved 1114112K
  class space    used 7752K, committed 8000K, reserved 1048576K
}
Event: 3.953 GC heap before
{Heap before GC invocations=22 (full 0):
 garbage-first heap   total 163840K, used 126404K [0x0000000080000000, 0x0000000100000000)
  region size 1024K, 49 young (50176K), 8 survivors (8192K)
 Metaspace       used 62314K, committed 63040K, reserved 1114112K
  class space    used 8306K, committed 8640K, reserved 1048576K
}
Event: 3.955 GC heap after
{Heap after GC invocations=23 (full 0):
 garbage-first heap   total 163840K, used 86851K [0x0000000080000000, 0x0000000100000000)
  region size 1024K, 2 young (2048K), 2 survivors (2048K)
 Metaspace       used 62314K, committed 63040K, reserved 1114112K
  class space    used 8306K, committed 8640K, reserved 1048576K
}
Event: 4.189 GC heap before
{Heap before GC invocations=24 (full 0):
 garbage-first heap   total 163840K, used 110403K [0x0000000080000000, 0x0000000100000000)
  region size 1024K, 26 young (26624K), 2 survivors (2048K)
 Metaspace       used 66324K, committed 67008K, reserved 1114112K
  class space    used 8865K, committed 9152K, reserved 1048576K
}
Event: 4.191 GC heap after
{Heap after GC invocations=25 (full 0):
 garbage-first heap   total 163840K, used 89083K [0x0000000080000000, 0x0000000100000000)
  region size 1024K, 4 young (4096K), 4 survivors (4096K)
 Metaspace       used 66324K, committed 67008K, reserved 1114112K
  class space    used 8865K, committed 9152K, reserved 1048576K
}
Event: 4.403 GC heap before
{Heap before GC invocations=26 (full 0):
 garbage-first heap   total 168960K, used 137211K [0x0000000080000000, 0x0000000100000000)
  region size 1024K, 45 young (46080K), 4 survivors (4096K)
 Metaspace       used 68715K, committed 69376K, reserved 1114112K
  class space    used 9195K, committed 9472K, reserved 1048576K
}
Event: 4.405 GC heap after
{Heap after GC invocations=27 (full 0):
 garbage-first heap   total 202752K, used 92620K [0x0000000080000000, 0x0000000100000000)
  region size 1024K, 6 young (6144K), 6 survivors (6144K)
 Metaspace       used 68715K, committed 69376K, reserved 1114112K
  class space    used 9195K, committed 9472K, reserved 1048576K
}
Event: 4.423 GC heap before
{Heap before GC invocations=27 (full 0):
 garbage-first heap   total 202752K, used 95692K [0x0000000080000000, 0x0000000100000000)
  region size 1024K, 9 young (9216K), 6 survivors (6144K)
 Metaspace       used 68948K, committed 69568K, reserved 1114112K
  class space    used 9225K, committed 9472K, reserved 1048576K
}
Event: 4.425 GC heap after
{Heap after GC invocations=28 (full 0):
 garbage-first heap   total 202752K, used 92661K [0x0000000080000000, 0x0000000100000000)
  region size 1024K, 1 young (1024K), 1 survivors (1024K)
 Metaspace       used 68948K, committed 69568K, reserved 1114112K
  class space    used 9225K, committed 9472K, reserved 1048576K
}
Event: 4.750 GC heap before
{Heap before GC invocations=28 (full 0):
 garbage-first heap   total 202752K, used 153077K [0x0000000080000000, 0x0000000100000000)
  region size 1024K, 60 young (61440K), 1 survivors (1024K)
 Metaspace       used 71188K, committed 71808K, reserved 1114112K
  class space    used 9522K, committed 9792K, reserved 1048576K
}
Event: 4.752 GC heap after
{Heap after GC invocations=29 (full 0):
 garbage-first heap   total 202752K, used 96486K [0x0000000080000000, 0x0000000100000000)
  region size 1024K, 5 young (5120K), 5 survivors (5120K)
 Metaspace       used 71188K, committed 71808K, reserved 1114112K
  class space    used 9522K, committed 9792K, reserved 1048576K
}
Event: 5.129 GC heap before
{Heap before GC invocations=30 (full 0):
 garbage-first heap   total 202752K, used 158950K [0x0000000080000000, 0x0000000100000000)
  region size 1024K, 65 young (66560K), 5 survivors (5120K)
 Metaspace       used 75930K, committed 76608K, reserved 1179648K
  class space    used 10372K, committed 10688K, reserved 1048576K
}
Event: 5.131 GC heap after
{Heap after GC invocations=31 (full 0):
 garbage-first heap   total 202752K, used 98794K [0x0000000080000000, 0x0000000100000000)
  region size 1024K, 7 young (7168K), 7 survivors (7168K)
 Metaspace       used 75930K, committed 76608K, reserved 1179648K
  class space    used 10372K, committed 10688K, reserved 1048576K
}
Event: 5.147 GC heap before
{Heap before GC invocations=31 (full 0):
 garbage-first heap   total 202752K, used 99818K [0x0000000080000000, 0x0000000100000000)
  region size 1024K, 9 young (9216K), 7 survivors (7168K)
 Metaspace       used 76088K, committed 76736K, reserved 1179648K
  class space    used 10400K, committed 10688K, reserved 1048576K
}
Event: 5.150 GC heap after
{Heap after GC invocations=32 (full 0):
 garbage-first heap   total 202752K, used 98654K [0x0000000080000000, 0x0000000100000000)
  region size 1024K, 1 young (1024K), 1 survivors (1024K)
 Metaspace       used 76088K, committed 76736K, reserved 1179648K
  class space    used 10400K, committed 10688K, reserved 1048576K
}
Event: 5.397 GC heap before
{Heap before GC invocations=32 (full 0):
 garbage-first heap   total 202752K, used 134494K [0x0000000080000000, 0x0000000100000000)
  region size 1024K, 37 young (37888K), 1 survivors (1024K)
 Metaspace       used 79339K, committed 80000K, reserved 1179648K
  class space    used 10841K, committed 11136K, reserved 1048576K
}
Event: 5.399 GC heap after
{Heap after GC invocations=33 (full 0):
 garbage-first heap   total 202752K, used 100047K [0x0000000080000000, 0x0000000100000000)
  region size 1024K, 2 young (2048K), 2 survivors (2048K)
 Metaspace       used 79339K, committed 80000K, reserved 1179648K
  class space    used 10841K, committed 11136K, reserved 1048576K
}

