# JRE version: OpenJDK Runtime Environment (17.0.7) (build 17.0.7+0-b2043.56-10550314)
# Java VM: OpenJDK 64-Bit Server VM (17.0.7+0-b2043.56-10550314, mixed mode, tiered, compressed oops, compressed class ptrs, g1 gc, windows-amd64)
GC Precious Log:
 CPUs: 20 total, 20 available
 Memory: 16003M
 Large Page Support: Disabled
 NUMA Support: Disabled
 Compressed Oops: Enabled (32-bit)
 Heap Region Size: 1M
 Heap Min Capacity: 8M
 Heap Initial Capacity: 252M
 Heap Max Capacity: 2G
 Pre-touch: Disabled
 Parallel Workers: 15
 Concurrent Workers: 4
 Concurrent Refinement Workers: 15
 Periodic GC: Disabled
Heap:
 garbage-first heap   total 116736K, used 76869K [0x0000000080000000, 0x0000000100000000)
  region size 1024K, 15 young (15360K), 2 survivors (2048K)
 Metaspace       used 73608K, committed 74176K, reserved 1114112K
  class space    used 9968K, committed 10240K, reserved 1048576K
GC Heap History (20 events):
Event: 4.158 GC heap before
{Heap before GC invocations=18 (full 0):
 garbage-first heap   total 92160K, used 70006K [0x0000000080000000, 0x0000000100000000)
  region size 1024K, 20 young (20480K), 2 survivors (2048K)
 Metaspace       used 59897K, committed 60416K, reserved 1114112K
  class space    used 7913K, committed 8128K, reserved 1048576K
}
Event: 4.159 GC heap after
{Heap after GC invocations=19 (full 0):
 garbage-first heap   total 92160K, used 51950K [0x0000000080000000, 0x0000000100000000)
  region size 1024K, 2 young (2048K), 2 survivors (2048K)
 Metaspace       used 59897K, committed 60416K, reserved 1114112K
  class space    used 7913K, committed 8128K, reserved 1048576K
}
Event: 4.374 GC heap before
{Heap before GC invocations=19 (full 0):
 garbage-first heap   total 92160K, used 73454K [0x0000000080000000, 0x0000000100000000)
  region size 1024K, 23 young (23552K), 2 survivors (2048K)
 Metaspace       used 62944K, committed 63424K, reserved 1114112K
  class space    used 8360K, committed 8576K, reserved 1048576K
}
Event: 4.376 GC heap after
{Heap after GC invocations=20 (full 0):
 garbage-first heap   total 110592K, used 53087K [0x0000000080000000, 0x0000000100000000)
  region size 1024K, 3 young (3072K), 3 survivors (3072K)
 Metaspace       used 62944K, committed 63424K, reserved 1114112K
  class space    used 8360K, committed 8576K, reserved 1048576K
}
Event: 4.454 GC heap before
{Heap before GC invocations=21 (full 0):
 garbage-first heap   total 110592K, used 59231K [0x0000000080000000, 0x0000000100000000)
  region size 1024K, 10 young (10240K), 3 survivors (3072K)
 Metaspace       used 64361K, committed 65024K, reserved 1114112K
  class space    used 8520K, committed 8832K, reserved 1048576K
}
Event: 4.457 GC heap after
{Heap after GC invocations=22 (full 0):
 garbage-first heap   total 110592K, used 54323K [0x0000000080000000, 0x0000000100000000)
  region size 1024K, 4 young (4096K), 4 survivors (4096K)
 Metaspace       used 64361K, committed 65024K, reserved 1114112K
  class space    used 8520K, committed 8832K, reserved 1048576K
}
Event: 4.481 GC heap before
{Heap before GC invocations=23 (full 0):
 garbage-first heap   total 110592K, used 66611K [0x0000000080000000, 0x0000000100000000)
  region size 1024K, 13 young (13312K), 4 survivors (4096K)
 Metaspace       used 64366K, committed 65024K, reserved 1114112K
  class space    used 8520K, committed 8832K, reserved 1048576K
}
Event: 4.484 GC heap after
{Heap after GC invocations=24 (full 0):
 garbage-first heap   total 110592K, used 60196K [0x0000000080000000, 0x0000000100000000)
  region size 1024K, 5 young (5120K), 5 survivors (5120K)
 Metaspace       used 64366K, committed 65024K, reserved 1114112K
  class space    used 8520K, committed 8832K, reserved 1048576K
}
Event: 4.620 GC heap before
{Heap before GC invocations=25 (full 0):
 garbage-first heap   total 111616K, used 82724K [0x0000000080000000, 0x0000000100000000)
  region size 1024K, 26 young (26624K), 5 survivors (5120K)
 Metaspace       used 65909K, committed 66496K, reserved 1114112K
  class space    used 8729K, committed 9024K, reserved 1048576K
}
Event: 4.622 GC heap after
{Heap after GC invocations=26 (full 0):
 garbage-first heap   total 111616K, used 57342K [0x0000000080000000, 0x0000000100000000)
  region size 1024K, 2 young (2048K), 2 survivors (2048K)
 Metaspace       used 65909K, committed 66496K, reserved 1114112K
  class space    used 8729K, committed 9024K, reserved 1048576K
}
Event: 4.774 GC heap before
{Heap before GC invocations=26 (full 0):
 garbage-first heap   total 111616K, used 80894K [0x0000000080000000, 0x0000000100000000)
  region size 1024K, 26 young (26624K), 2 survivors (2048K)
 Metaspace       used 67778K, committed 68416K, reserved 1114112K
  class space    used 8983K, committed 9280K, reserved 1048576K
}
Event: 4.776 GC heap after
{Heap after GC invocations=27 (full 0):
 garbage-first heap   total 111616K, used 58602K [0x0000000080000000, 0x0000000100000000)
  region size 1024K, 4 young (4096K), 4 survivors (4096K)
 Metaspace       used 67778K, committed 68416K, reserved 1114112K
  class space    used 8983K, committed 9280K, reserved 1048576K
}
Event: 4.926 GC heap before
{Heap before GC invocations=28 (full 0):
 garbage-first heap   total 111616K, used 83178K [0x0000000080000000, 0x0000000100000000)
  region size 1024K, 29 young (29696K), 4 survivors (4096K)
 Metaspace       used 68709K, committed 69312K, reserved 1114112K
  class space    used 9112K, committed 9408K, reserved 1048576K
}
Event: 4.928 GC heap after
{Heap after GC invocations=29 (full 0):
 garbage-first heap   total 111616K, used 60770K [0x0000000080000000, 0x0000000100000000)
  region size 1024K, 4 young (4096K), 4 survivors (4096K)
 Metaspace       used 68709K, committed 69312K, reserved 1114112K
  class space    used 9112K, committed 9408K, reserved 1048576K
}
Event: 5.035 GC heap before
{Heap before GC invocations=29 (full 0):
 garbage-first heap   total 111616K, used 85346K [0x0000000080000000, 0x0000000100000000)
  region size 1024K, 29 young (29696K), 4 survivors (4096K)
 Metaspace       used 69085K, committed 69632K, reserved 1114112K
  class space    used 9157K, committed 9408K, reserved 1048576K
}
Event: 5.038 GC heap after
{Heap after GC invocations=30 (full 0):
 garbage-first heap   total 111616K, used 63190K [0x0000000080000000, 0x0000000100000000)
  region size 1024K, 3 young (3072K), 3 survivors (3072K)
 Metaspace       used 69085K, committed 69632K, reserved 1114112K
  class space    used 9157K, committed 9408K, reserved 1048576K
}
Event: 5.223 GC heap before
{Heap before GC invocations=31 (full 0):
 garbage-first heap   total 111616K, used 82646K [0x0000000080000000, 0x0000000100000000)
  region size 1024K, 24 young (24576K), 3 survivors (3072K)
 Metaspace       used 70664K, committed 71232K, reserved 1114112K
  class space    used 9383K, committed 9664K, reserved 1048576K
}
Event: 5.226 GC heap after
{Heap after GC invocations=32 (full 0):
 garbage-first heap   total 111616K, used 64267K [0x0000000080000000, 0x0000000100000000)
  region size 1024K, 2 young (2048K), 2 survivors (2048K)
 Metaspace       used 70664K, committed 71232K, reserved 1114112K
  class space    used 9383K, committed 9664K, reserved 1048576K
}
Event: 5.436 GC heap before
{Heap before GC invocations=33 (full 0):
 garbage-first heap   total 116736K, used 88843K [0x0000000080000000, 0x0000000100000000)
  region size 1024K, 26 young (26624K), 2 survivors (2048K)
 Metaspace       used 72579K, committed 73216K, reserved 1114112K
  class space    used 9738K, committed 10048K, reserved 1048576K
}
Event: 5.438 GC heap after
{Heap after GC invocations=34 (full 0):
 garbage-first heap   total 116736K, used 64581K [0x0000000080000000, 0x0000000100000000)
  region size 1024K, 2 young (2048K), 2 survivors (2048K)
 Metaspace       used 72579K, committed 73216K, reserved 1114112K
  class space    used 9738K, committed 10048K, reserved 1048576K
}

